<?xml version="1.0" encoding="utf-8"?><testsuites name="pytest tests"><testsuite name="pytest" errors="0" failures="1" skipped="0" tests="18" time="3.752" timestamp="2026-02-21T22:31:50.927599+00:00" hostname="agent-env-1799d3cc-6236-4a78-94e9-ece7c0c3be12"><testcase classname="backend.tests.test_admin_3level_hierarchy.TestCursusAdmin" name="test_list_cursus" time="0.255" /><testcase classname="backend.tests.test_admin_3level_hierarchy.TestCursusAdmin" name="test_create_cursus" time="0.069" /><testcase classname="backend.tests.test_admin_3level_hierarchy.TestCursusAdmin" name="test_toggle_cursus" time="0.194" /><testcase classname="backend.tests.test_admin_3level_hierarchy.TestCursusAdmin" name="test_bulk_toggle_cursus" time="0.455" /><testcase classname="backend.tests.test_admin_3level_hierarchy.TestCursusAdmin" name="test_cursus_course_count" time="0.057" /><testcase classname="backend.tests.test_admin_3level_hierarchy.TestCoursesAdmin" name="test_list_courses" time="0.104" /><testcase classname="backend.tests.test_admin_3level_hierarchy.TestCoursesAdmin" name="test_courses_filter_by_cursus" time="0.157" /><testcase classname="backend.tests.test_admin_3level_hierarchy.TestCoursesAdmin" name="test_create_course" time="0.193" /><testcase classname="backend.tests.test_admin_3level_hierarchy.TestCoursesAdmin" name="test_bulk_toggle_courses" time="0.108"><failure message="assert 422 == 200&#10; +  where 422 = &lt;Response [422]&gt;.status_code">backend/tests/test_admin_3level_hierarchy.py:221: in test_bulk_toggle_courses
    assert resp.status_code == 200
E   assert 422 == 200
E    +  where 422 = &lt;Response [422]&gt;.status_code</failure></testcase><testcase classname="backend.tests.test_admin_3level_hierarchy.TestModulesAdmin" name="test_list_modules" time="0.132" /><testcase classname="backend.tests.test_admin_3level_hierarchy.TestModulesAdmin" name="test_modules_filter_by_course" time="0.210" /><testcase classname="backend.tests.test_admin_3level_hierarchy.TestModulesAdmin" name="test_create_module" time="0.214" /><testcase classname="backend.tests.test_admin_3level_hierarchy.TestModulesAdmin" name="test_toggle_module" time="0.261" /><testcase classname="backend.tests.test_admin_3level_hierarchy.TestModulesAdmin" name="test_bulk_toggle_modules" time="0.517" /><testcase classname="backend.tests.test_admin_3level_hierarchy.TestAudiosModuleLinking" name="test_list_audios" time="0.068" /><testcase classname="backend.tests.test_admin_3level_hierarchy.TestAudiosModuleLinking" name="test_create_audio_with_module" time="0.358" /><testcase classname="backend.tests.test_admin_3level_hierarchy.TestAdminNavigation" name="test_admin_panel_pages_accessible" time="0.233" /><testcase classname="backend.tests.test_admin_3level_hierarchy.TestAdminNavigation" name="test_sidebar_links_in_html" time="0.051" /></testsuite></testsuites>