<?xml version="1.0" encoding="utf-8"?><testsuites name="pytest tests"><testsuite name="pytest" errors="0" failures="0" skipped="0" tests="17" time="3.425" timestamp="2026-02-20T19:38:52.040872+00:00" hostname="agent-env-3c0a3574-fa27-4582-9941-bf039f3b06c6"><testcase classname="backend.tests.test_admin_api.TestHealth" name="test_health_endpoint" time="0.159" /><testcase classname="backend.tests.test_admin_api.TestAdminAuth" name="test_admin_login_success" time="0.142" /><testcase classname="backend.tests.test_admin_api.TestAdminAuth" name="test_admin_login_wrong_password" time="0.124" /><testcase classname="backend.tests.test_admin_api.TestAdminScholars" name="test_list_scholars" time="0.182" /><testcase classname="backend.tests.test_admin_api.TestAdminScholars" name="test_list_scholars_without_auth" time="0.133" /><testcase classname="backend.tests.test_admin_api.TestAdminScholars" name="test_create_scholar" time="0.223" /><testcase classname="backend.tests.test_admin_api.TestAdminScholars" name="test_update_scholar" time="0.400" /><testcase classname="backend.tests.test_admin_api.TestAdminScholars" name="test_toggle_scholar_status" time="0.299" /><testcase classname="backend.tests.test_admin_api.TestAdminScholars" name="test_delete_scholar" time="0.286" /><testcase classname="backend.tests.test_admin_api.TestAdminCourses" name="test_list_courses" time="0.223" /><testcase classname="backend.tests.test_admin_api.TestAdminCourses" name="test_list_courses_without_auth" time="0.131" /><testcase classname="backend.tests.test_admin_api.TestAdminAudios" name="test_list_audios" time="0.176" /><testcase classname="backend.tests.test_admin_api.TestAdminAudios" name="test_list_audios_without_auth" time="0.111" /><testcase classname="backend.tests.test_admin_api.TestAdminUsers" name="test_list_users" time="0.178" /><testcase classname="backend.tests.test_admin_api.TestAdminUsers" name="test_list_users_without_auth" time="0.135" /><testcase classname="backend.tests.test_admin_api.TestAdminUsers" name="test_grant_free_access" time="0.254" /><testcase classname="backend.tests.test_admin_api.TestAdminStats" name="test_admin_stats" time="0.181" /></testsuite></testsuites>