<?xml version="1.0" encoding="utf-8"?><testsuites name="pytest tests"><testsuite name="pytest" errors="0" failures="0" skipped="0" tests="10" time="2.641" timestamp="2026-03-12T13:21:15.128555+00:00" hostname="agent-env-ce6b798f-9733-446c-a945-d967956c1629"><testcase classname="backend.tests.test_admin_catalogue.TestAdminCatalogue" name="test_admin_login" time="0.166" /><testcase classname="backend.tests.test_admin_catalogue.TestAdminCatalogue" name="test_admin_cursus_list" time="0.157" /><testcase classname="backend.tests.test_admin_catalogue.TestAdminCatalogue" name="test_admin_courses_list" time="0.161" /><testcase classname="backend.tests.test_admin_catalogue.TestAdminCatalogue" name="test_admin_audios_list" time="0.124" /><testcase classname="backend.tests.test_admin_catalogue.TestAdminCatalogue" name="test_admin_scholars_list" time="0.108" /><testcase classname="backend.tests.test_admin_catalogue.TestAdminCatalogue" name="test_sync_preview_endpoint" time="1.100" /><testcase classname="backend.tests.test_admin_catalogue.TestAdminCatalogue" name="test_admin_panel_audios_page_loads" time="0.129" /><testcase classname="backend.tests.test_admin_catalogue.TestAdminAudioCRUD" name="test_update_audio" time="0.372" /><testcase classname="backend.tests.test_admin_catalogue.TestDashboardRegression" name="test_dashboard_page_accessible" time="0.118" /><testcase classname="backend.tests.test_admin_catalogue.TestDashboardRegression" name="test_auth_me_endpoint" time="0.130" /></testsuite></testsuites>