<?xml version="1.0" encoding="utf-8"?><testsuites name="pytest tests"><testsuite name="pytest" errors="0" failures="2" skipped="0" tests="17" time="3.806" timestamp="2026-02-20T19:38:29.255586+00:00" hostname="agent-env-3c0a3574-fa27-4582-9941-bf039f3b06c6"><testcase classname="backend.tests.test_admin_api.TestHealth" name="test_health_endpoint" time="0.262" /><testcase classname="backend.tests.test_admin_api.TestAdminAuth" name="test_admin_login_success" time="0.132" /><testcase classname="backend.tests.test_admin_api.TestAdminAuth" name="test_admin_login_wrong_password" time="0.115" /><testcase classname="backend.tests.test_admin_api.TestAdminScholars" name="test_list_scholars" time="0.186" /><testcase classname="backend.tests.test_admin_api.TestAdminScholars" name="test_list_scholars_without_auth" time="0.114" /><testcase classname="backend.tests.test_admin_api.TestAdminScholars" name="test_create_scholar" time="0.296" /><testcase classname="backend.tests.test_admin_api.TestAdminScholars" name="test_update_scholar" time="0.373" /><testcase classname="backend.tests.test_admin_api.TestAdminScholars" name="test_toggle_scholar_status" time="0.361" /><testcase classname="backend.tests.test_admin_api.TestAdminScholars" name="test_delete_scholar" time="0.317" /><testcase classname="backend.tests.test_admin_api.TestAdminCourses" name="test_list_courses" time="0.221" /><testcase classname="backend.tests.test_admin_api.TestAdminCourses" name="test_list_courses_without_auth" time="0.137" /><testcase classname="backend.tests.test_admin_api.TestAdminAudios" name="test_list_audios" time="0.207" /><testcase classname="backend.tests.test_admin_api.TestAdminAudios" name="test_list_audios_without_auth" time="0.116" /><testcase classname="backend.tests.test_admin_api.TestAdminUsers" name="test_list_users" time="0.248" /><testcase classname="backend.tests.test_admin_api.TestAdminUsers" name="test_list_users_without_auth" time="0.118" /><testcase classname="backend.tests.test_admin_api.TestAdminUsers" name="test_grant_free_access" time="0.271"><failure message="AssertionError: assert None == True&#10; +  where None = &lt;built-in method get of dict object at 0xfc39fccbc1c0&gt;('has_premium_access')&#10; +    where &lt;built-in method get of dict object at 0xfc39fccbc1c0&gt; = {'message': 'Accès gratuit accordé', 'user_id': 'user_0bded0da3c63'}.get">backend/tests/test_admin_api.py:262: in test_grant_free_access
    assert data.get("has_premium_access") == True
E   AssertionError: assert None == True
E    +  where None = &lt;built-in method get of dict object at 0xfc39fccbc1c0&gt;('has_premium_access')
E    +    where &lt;built-in method get of dict object at 0xfc39fccbc1c0&gt; = {'message': 'Accès gratuit accordé', 'user_id': 'user_0bded0da3c63'}.get</failure></testcase><testcase classname="backend.tests.test_admin_api.TestAdminStats" name="test_admin_stats" time="0.226"><failure message="AssertionError: assert 'scholars_count' in {'audios': {'active': 15, 'total': 15}, 'courses': {'active': 38, 'total': 38}, 'scholars': {'total': 7}, 'users': {'total': 7}}">backend/tests/test_admin_api.py:274: in test_admin_stats
    assert "scholars_count" in data
E   AssertionError: assert 'scholars_count' in {'audios': {'active': 15, 'total': 15}, 'courses': {'active': 38, 'total': 38}, 'scholars': {'total': 7}, 'users': {'total': 7}}</failure></testcase></testsuite></testsuites>