<?xml version="1.0" encoding="utf-8"?><testsuites name="pytest tests"><testsuite name="pytest" errors="0" failures="0" skipped="0" tests="18" time="5.190" timestamp="2026-02-21T22:32:28.952662+00:00" hostname="agent-env-1799d3cc-6236-4a78-94e9-ece7c0c3be12"><testcase classname="backend.tests.test_admin_3level_hierarchy.TestCursusAdmin" name="test_list_cursus" time="0.465" /><testcase classname="backend.tests.test_admin_3level_hierarchy.TestCursusAdmin" name="test_create_cursus" time="0.063" /><testcase classname="backend.tests.test_admin_3level_hierarchy.TestCursusAdmin" name="test_toggle_cursus" time="0.204" /><testcase classname="backend.tests.test_admin_3level_hierarchy.TestCursusAdmin" name="test_bulk_toggle_cursus" time="0.688" /><testcase classname="backend.tests.test_admin_3level_hierarchy.TestCursusAdmin" name="test_cursus_course_count" time="0.106" /><testcase classname="backend.tests.test_admin_3level_hierarchy.TestCoursesAdmin" name="test_list_courses" time="0.265" /><testcase classname="backend.tests.test_admin_3level_hierarchy.TestCoursesAdmin" name="test_courses_filter_by_cursus" time="0.230" /><testcase classname="backend.tests.test_admin_3level_hierarchy.TestCoursesAdmin" name="test_create_course" time="0.275" /><testcase classname="backend.tests.test_admin_3level_hierarchy.TestCoursesAdmin" name="test_bulk_toggle_courses" time="0.654" /><testcase classname="backend.tests.test_admin_3level_hierarchy.TestModulesAdmin" name="test_list_modules" time="0.171" /><testcase classname="backend.tests.test_admin_3level_hierarchy.TestModulesAdmin" name="test_modules_filter_by_course" time="0.194" /><testcase classname="backend.tests.test_admin_3level_hierarchy.TestModulesAdmin" name="test_create_module" time="0.241" /><testcase classname="backend.tests.test_admin_3level_hierarchy.TestModulesAdmin" name="test_toggle_module" time="0.271" /><testcase classname="backend.tests.test_admin_3level_hierarchy.TestModulesAdmin" name="test_bulk_toggle_modules" time="0.463" /><testcase classname="backend.tests.test_admin_3level_hierarchy.TestAudiosModuleLinking" name="test_list_audios" time="0.066" /><testcase classname="backend.tests.test_admin_3level_hierarchy.TestAudiosModuleLinking" name="test_create_audio_with_module" time="0.355" /><testcase classname="backend.tests.test_admin_3level_hierarchy.TestAdminNavigation" name="test_admin_panel_pages_accessible" time="0.263" /><testcase classname="backend.tests.test_admin_3level_hierarchy.TestAdminNavigation" name="test_sidebar_links_in_html" time="0.074" /></testsuite></testsuites>