<?xml version="1.0" encoding="utf-8"?><testsuites name="pytest tests"><testsuite name="pytest" errors="0" failures="0" skipped="0" tests="12" time="3.951" timestamp="2026-03-12T16:40:37.732800+00:00" hostname="agent-env-ce6b798f-9733-446c-a945-d967956c1629"><testcase classname="backend.tests.test_blog_waraqa.TestBlogPublicAPIs" name="test_blog_list_returns_articles" time="0.327" /><testcase classname="backend.tests.test_blog_waraqa.TestBlogPublicAPIs" name="test_blog_article_waraqa_370ah" time="0.156" /><testcase classname="backend.tests.test_blog_waraqa.TestBlogPublicAPIs" name="test_blog_article_waraqa_150ah" time="0.120" /><testcase classname="backend.tests.test_blog_waraqa.TestBlogPublicAPIs" name="test_blog_article_waraqa_179ah" time="0.123" /><testcase classname="backend.tests.test_blog_waraqa.TestBlogPublicAPIs" name="test_blog_nonexistent_article_returns_404" time="0.100" /><testcase classname="backend.tests.test_blog_waraqa.TestBlogAdminAPIs" name="test_admin_blog_list_requires_auth" time="0.153" /><testcase classname="backend.tests.test_blog_waraqa.TestBlogAdminAPIs" name="test_admin_blog_list_with_auth" time="0.282" /><testcase classname="backend.tests.test_blog_waraqa.TestBlogAdminAPIs" name="test_admin_blog_sync_requires_auth" time="0.120" /><testcase classname="backend.tests.test_blog_waraqa.TestBlogAdminAPIs" name="test_admin_blog_sync_r2" time="1.021" /><testcase classname="backend.tests.test_blog_waraqa.TestBlogAdminAPIs" name="test_admin_blog_toggle_requires_auth" time="0.137" /><testcase classname="backend.tests.test_blog_waraqa.TestBlogAdminAPIs" name="test_admin_blog_toggle_article" time="0.479" /><testcase classname="backend.tests.test_blog_waraqa.TestBlogToggleAffectsPublicList" name="test_toggle_article_removes_from_public" time="0.862" /></testsuite></testsuites>