<?xml version="1.0" encoding="utf-8"?><testsuites name="pytest tests"><testsuite name="pytest" errors="0" failures="0" skipped="0" tests="27" time="3.538" timestamp="2026-02-23T21:27:07.006215+00:00" hostname="agent-env-4582bbd1-7e44-4215-afc9-c99448eee53b"><testcase classname="backend.tests.test_homepage_search.TestHomeAPI" name="test_home_returns_200_without_auth" time="0.148" /><testcase classname="backend.tests.test_homepage_search.TestHomeAPI" name="test_home_returns_featured_course" time="0.077" /><testcase classname="backend.tests.test_homepage_search.TestHomeAPI" name="test_home_returns_continue_watching" time="0.075" /><testcase classname="backend.tests.test_homepage_search.TestHomeAPI" name="test_home_returns_recommendations" time="0.089" /><testcase classname="backend.tests.test_homepage_search.TestHomeAPI" name="test_home_returns_scholars" time="0.095" /><testcase classname="backend.tests.test_homepage_search.TestHomeAPI" name="test_home_returns_top10_courses" time="0.080" /><testcase classname="backend.tests.test_homepage_search.TestHomeAPI" name="test_home_returns_course_bandeaux" time="0.069" /><testcase classname="backend.tests.test_homepage_search.TestHomeAPI" name="test_home_course_bandeaux_have_episodes" time="0.072" /><testcase classname="backend.tests.test_homepage_search.TestHomeAPI" name="test_home_with_auth_has_continue_watching" time="0.131" /><testcase classname="backend.tests.test_homepage_search.TestHomeAPI" name="test_home_recommendations_are_courses" time="0.118" /><testcase classname="backend.tests.test_homepage_search.TestHomeAPI" name="test_home_scholars_have_name" time="0.076" /><testcase classname="backend.tests.test_homepage_search.TestSearchAPI" name="test_search_returns_200" time="0.063" /><testcase classname="backend.tests.test_homepage_search.TestSearchAPI" name="test_search_returns_audios_and_courses" time="0.061" /><testcase classname="backend.tests.test_homepage_search.TestSearchAPI" name="test_search_has_total" time="0.073" /><testcase classname="backend.tests.test_homepage_search.TestSearchAPI" name="test_search_short_query_returns_empty" time="0.069" /><testcase classname="backend.tests.test_homepage_search.TestSearchAPI" name="test_search_philosophie" time="0.114" /><testcase classname="backend.tests.test_homepage_search.TestSearchAPI" name="test_search_audio_results_have_required_fields" time="0.071" /><testcase classname="backend.tests.test_homepage_search.TestSearchAPI" name="test_search_course_results_have_required_fields" time="0.065" /><testcase classname="backend.tests.test_homepage_search.TestSearchAPI" name="test_search_no_auth_required" time="0.085" /><testcase classname="backend.tests.test_homepage_search.TestAudioPlayTracking" name="test_play_returns_200" time="0.252" /><testcase classname="backend.tests.test_homepage_search.TestAudioPlayTracking" name="test_play_returns_ok" time="0.344" /><testcase classname="backend.tests.test_homepage_search.TestAudioPlayTracking" name="test_play_no_auth_required" time="0.327" /><testcase classname="backend.tests.test_homepage_search.TestAudioPlayTracking" name="test_play_nonexistent_audio" time="0.117" /><testcase classname="backend.tests.test_homepage_search.TestAdminTop10" name="test_admin_top10_get_requires_auth" time="0.087" /><testcase classname="backend.tests.test_homepage_search.TestAdminTop10" name="test_admin_top10_get_with_admin_auth" time="0.131" /><testcase classname="backend.tests.test_homepage_search.TestAdminTop10" name="test_admin_top10_put_requires_auth" time="0.075" /><testcase classname="backend.tests.test_homepage_search.TestAdminTop10" name="test_admin_top10_put_with_admin_auth" time="0.483" /></testsuite></testsuites>