<?xml version="1.0" encoding="utf-8"?><testsuites name="pytest tests"><testsuite name="pytest" errors="0" failures="2" skipped="0" tests="27" time="2.894" timestamp="2026-02-23T21:26:06.964527+00:00" hostname="agent-env-4582bbd1-7e44-4215-afc9-c99448eee53b"><testcase classname="backend.tests.test_homepage_search.TestHomeAPI" name="test_home_returns_200_without_auth" time="0.339" /><testcase classname="backend.tests.test_homepage_search.TestHomeAPI" name="test_home_returns_featured_course" time="0.121" /><testcase classname="backend.tests.test_homepage_search.TestHomeAPI" name="test_home_returns_continue_watching" time="0.127" /><testcase classname="backend.tests.test_homepage_search.TestHomeAPI" name="test_home_returns_recommendations" time="0.100" /><testcase classname="backend.tests.test_homepage_search.TestHomeAPI" name="test_home_returns_scholars" time="0.091" /><testcase classname="backend.tests.test_homepage_search.TestHomeAPI" name="test_home_returns_top10_courses" time="0.112" /><testcase classname="backend.tests.test_homepage_search.TestHomeAPI" name="test_home_returns_course_bandeaux" time="0.085" /><testcase classname="backend.tests.test_homepage_search.TestHomeAPI" name="test_home_course_bandeaux_have_episodes" time="0.076" /><testcase classname="backend.tests.test_homepage_search.TestHomeAPI" name="test_home_with_auth_has_continue_watching" time="0.162" /><testcase classname="backend.tests.test_homepage_search.TestHomeAPI" name="test_home_recommendations_are_courses" time="0.083" /><testcase classname="backend.tests.test_homepage_search.TestHomeAPI" name="test_home_scholars_have_name" time="0.077" /><testcase classname="backend.tests.test_homepage_search.TestSearchAPI" name="test_search_returns_200" time="0.059" /><testcase classname="backend.tests.test_homepage_search.TestSearchAPI" name="test_search_returns_audios_and_courses" time="0.056" /><testcase classname="backend.tests.test_homepage_search.TestSearchAPI" name="test_search_has_total" time="0.058" /><testcase classname="backend.tests.test_homepage_search.TestSearchAPI" name="test_search_short_query_returns_empty" time="0.060" /><testcase classname="backend.tests.test_homepage_search.TestSearchAPI" name="test_search_philosophie" time="0.053" /><testcase classname="backend.tests.test_homepage_search.TestSearchAPI" name="test_search_audio_results_have_required_fields" time="0.055" /><testcase classname="backend.tests.test_homepage_search.TestSearchAPI" name="test_search_course_results_have_required_fields" time="0.050" /><testcase classname="backend.tests.test_homepage_search.TestSearchAPI" name="test_search_no_auth_required" time="0.066" /><testcase classname="backend.tests.test_homepage_search.TestAudioPlayTracking" name="test_play_returns_200" time="0.187" /><testcase classname="backend.tests.test_homepage_search.TestAudioPlayTracking" name="test_play_returns_ok" time="0.190" /><testcase classname="backend.tests.test_homepage_search.TestAudioPlayTracking" name="test_play_no_auth_required" time="0.213" /><testcase classname="backend.tests.test_homepage_search.TestAudioPlayTracking" name="test_play_nonexistent_audio" time="0.061" /><testcase classname="backend.tests.test_homepage_search.TestAdminTop10" name="test_admin_top10_get_requires_auth" time="0.057" /><testcase classname="backend.tests.test_homepage_search.TestAdminTop10" name="test_admin_top10_get_with_admin_auth" time="0.120"><failure message="AssertionError: Expected 200 got 403: {&quot;detail&quot;:&quot;Accès réservé aux administrateurs&quot;}&#10;assert 403 == 200&#10; +  where 403 = &lt;Response [403]&gt;.status_code">backend/tests/test_homepage_search.py:278: in test_admin_top10_get_with_admin_auth
    assert resp.status_code == 200, f"Expected 200 got {resp.status_code}: {resp.text}"
E   AssertionError: Expected 200 got 403: {"detail":"Accès réservé aux administrateurs"}
E   assert 403 == 200
E    +  where 403 = &lt;Response [403]&gt;.status_code</failure></testcase><testcase classname="backend.tests.test_homepage_search.TestAdminTop10" name="test_admin_top10_put_requires_auth" time="0.055" /><testcase classname="backend.tests.test_homepage_search.TestAdminTop10" name="test_admin_top10_put_with_admin_auth" time="0.072"><failure message="assert 403 == 200&#10; +  where 403 = &lt;Response [403]&gt;.status_code">backend/tests/test_homepage_search.py:294: in test_admin_top10_put_with_admin_auth
    assert get_resp.status_code == 200
E   assert 403 == 200
E    +  where 403 = &lt;Response [403]&gt;.status_code</failure></testcase></testsuite></testsuites>