<?xml version="1.0" encoding="utf-8"?><testsuites name="pytest tests"><testsuite name="pytest" errors="0" failures="0" skipped="0" tests="11" time="2.644" timestamp="2026-02-23T22:38:24.413122+00:00" hostname="agent-env-4582bbd1-7e44-4215-afc9-c99448eee53b"><testcase classname="backend.tests.test_homepage_design_iteration12.TestHomeAPI" name="test_home_returns_200" time="0.295" /><testcase classname="backend.tests.test_homepage_design_iteration12.TestHomeAPI" name="test_home_has_correct_keys" time="0.260" /><testcase classname="backend.tests.test_homepage_design_iteration12.TestHomeAPI" name="test_home_recent_episodes_count" time="0.428" /><testcase classname="backend.tests.test_homepage_design_iteration12.TestHomeAPI" name="test_home_top5_count" time="0.166" /><testcase classname="backend.tests.test_homepage_design_iteration12.TestHomeAPI" name="test_home_episodes_have_cursus_enrichment" time="0.181" /><testcase classname="backend.tests.test_homepage_design_iteration12.TestHomeAPI" name="test_home_top5_have_cursus_enrichment" time="0.122" /><testcase classname="backend.tests.test_homepage_design_iteration12.TestHomeAPI" name="test_home_featured_course_has_cursus_enrichment" time="0.316" /><testcase classname="backend.tests.test_homepage_design_iteration12.TestHomeAPI" name="test_home_scholars_returned" time="0.150" /><testcase classname="backend.tests.test_homepage_design_iteration12.TestHomeAPI" name="test_home_recommendations_have_cursus" time="0.164" /><testcase classname="backend.tests.test_homepage_design_iteration12.TestHomeAPI" name="test_home_episodes_have_no_thumbnail_requirement" time="0.160" /><testcase classname="backend.tests.test_homepage_design_iteration12.TestHomeAuthenticated" name="test_home_with_auth_returns_continue_watching" time="0.341" /></testsuite></testsuites>