<?xml version="1.0" encoding="utf-8"?><testsuites name="pytest tests"><testsuite name="pytest" errors="0" failures="0" skipped="0" tests="25" time="6.192" timestamp="2026-05-18T15:03:37.374863+00:00" hostname="agent-env-b33d9cd1-0a29-40db-9dee-790da37d8da3"><testcase classname="backend.tests.test_sijill_iter34_migration_v15e.TestCatalogue" name="test_catalogue_returns_22_items_launch_only" time="4.239" /><testcase classname="backend.tests.test_sijill_iter34_migration_v15e.TestCatalogue" name="test_catalogue_item_required_fields" time="0.057" /><testcase classname="backend.tests.test_sijill_iter34_migration_v15e.TestCatalogue" name="test_catalogue_excludes_deactivated_umbrella_courses" time="0.064" /><testcase classname="backend.tests.test_sijill_iter34_migration_v15e.TestCursus" name="test_cursus_returns_7" time="0.062" /><testcase classname="backend.tests.test_sijill_iter34_migration_v15e.TestCursus" name="test_cursus_total_course_count_equals_32" time="0.062" /><testcase classname="backend.tests.test_sijill_iter34_migration_v15e.TestCursus" name="test_per_cursus_dynamic_count[cursus-histoire-4]" time="0.058" /><testcase classname="backend.tests.test_sijill_iter34_migration_v15e.TestCursus" name="test_per_cursus_dynamic_count[cursus-theologie-2]" time="0.062" /><testcase classname="backend.tests.test_sijill_iter34_migration_v15e.TestCursus" name="test_per_cursus_dynamic_count[cursus-sciences-islamiques-5]" time="0.063" /><testcase classname="backend.tests.test_sijill_iter34_migration_v15e.TestCursus" name="test_per_cursus_dynamic_count[cursus-arts-7]" time="0.057" /><testcase classname="backend.tests.test_sijill_iter34_migration_v15e.TestCursus" name="test_per_cursus_dynamic_count[cursus-falsafa-11]" time="0.057" /><testcase classname="backend.tests.test_sijill_iter34_migration_v15e.TestCursus" name="test_per_cursus_dynamic_count[cursus-spiritualites-1]" time="0.067" /><testcase classname="backend.tests.test_sijill_iter34_migration_v15e.TestCursus" name="test_per_cursus_dynamic_count[cursus-pensees-non-islamiques-2]" time="0.091" /><testcase classname="backend.tests.test_sijill_iter34_migration_v15e.TestCoursesPerCursus" name="test_falsafa_11_courses_includes_vision_cible" time="0.064" /><testcase classname="backend.tests.test_sijill_iter34_migration_v15e.TestCoursesPerCursus" name="test_arts_7_courses_with_2_recruiting" time="0.056" /><testcase classname="backend.tests.test_sijill_iter34_migration_v15e.TestCoursesPerCursus" name="test_sciences_islamiques_5_courses_with_2_recruiting" time="0.058" /><testcase classname="backend.tests.test_sijill_iter34_migration_v15e.TestMaimonideIntegrity" name="test_maimonide_exists_and_seed_locked" time="0.060" /><testcase classname="backend.tests.test_sijill_iter34_migration_v15e.TestMaimonideIntegrity" name="test_maimonide_title_not_overwritten_to_generic" time="0.056" /><testcase classname="backend.tests.test_sijill_iter34_migration_v15e.TestMathsSciences" name="test_separate_launch_coming_soon_mai2026[cours-maths-arabes]" time="0.065" /><testcase classname="backend.tests.test_sijill_iter34_migration_v15e.TestMathsSciences" name="test_separate_launch_coming_soon_mai2026[cours-sciences-naturelles]" time="0.058" /><testcase classname="backend.tests.test_sijill_iter34_migration_v15e.TestDeactivatedOldCourses" name="test_old_course_deactivated[cours-sciences]" time="0.068" /><testcase classname="backend.tests.test_sijill_iter34_migration_v15e.TestDeactivatedOldCourses" name="test_old_course_deactivated[cours-inclassables]" time="0.067" /><testcase classname="backend.tests.test_sijill_iter34_migration_v15e.TestDeactivatedOldCourses" name="test_old_course_deactivated[cours-falsafa-persan]" time="0.074" /><testcase classname="backend.tests.test_sijill_iter34_migration_v15e.TestDeactivatedOldCourses" name="test_old_course_deactivated[cours-falsafa-grands]" time="0.054" /><testcase classname="backend.tests.test_sijill_iter34_migration_v15e.TestDeactivatedOldCourses" name="test_old_course_not_in_per_cursus_list" time="0.421" /><testcase classname="backend.tests.test_sijill_iter34_migration_v15e.TestAndalusCleanup" name="test_andalus_available_date_not_test_placeholder" time="0.073" /></testsuite></testsuites>