<?xml version="1.0" encoding="utf-8"?><testsuites name="pytest tests"><testsuite name="pytest" errors="0" failures="0" skipped="0" tests="19" time="4.075" timestamp="2026-04-29T21:12:51.597175+00:00" hostname="agent-env-b33d9cd1-0a29-40db-9dee-790da37d8da3"><testcase classname="backend.tests.test_sijill_iter32_resources_pilot.TestCourseResourcesList" name="test_resources_unauth_401" time="0.249" /><testcase classname="backend.tests.test_sijill_iter32_resources_pilot.TestCourseResourcesList" name="test_resources_subscriber_returns_4" time="0.307" /><testcase classname="backend.tests.test_sijill_iter32_resources_pilot.TestResourceAccessUrl" name="test_unauth_401" time="0.130" /><testcase classname="backend.tests.test_sijill_iter32_resources_pilot.TestResourceAccessUrl" name="test_valid_key_returns_signed_url" time="0.171" /><testcase classname="backend.tests.test_sijill_iter32_resources_pilot.TestResourceAccessUrl" name="test_invalid_key_404" time="0.145" /><testcase classname="backend.tests.test_sijill_iter32_resources_pilot.TestResourceAccessUrl" name="test_missing_r2_key_400" time="0.161" /><testcase classname="backend.tests.test_sijill_iter32_resources_pilot.TestR2Stream" name="test_stream_no_token_401" time="0.120" /><testcase classname="backend.tests.test_sijill_iter32_resources_pilot.TestR2Stream" name="test_stream_tampered_token_403" time="0.162" /><testcase classname="backend.tests.test_sijill_iter32_resources_pilot.TestR2Stream" name="test_stream_valid_returns_pdf" time="0.548" /><testcase classname="backend.tests.test_sijill_iter32_resources_pilot.TestR2Stream" name="test_stream_head_method_supported" time="0.310" /><testcase classname="backend.tests.test_sijill_iter32_resources_pilot.TestR2Stream" name="test_stream_range_request_206" time="0.282" /><testcase classname="backend.tests.test_sijill_iter32_resources_pilot.TestR2Html" name="test_html_with_pdf_token_400" time="0.293" /><testcase classname="backend.tests.test_sijill_iter32_resources_pilot.TestR2Html" name="test_html_no_token_401" time="0.118" /><testcase classname="backend.tests.test_sijill_iter32_resources_pilot.TestEpisodeAudioAccessUrl" name="test_unauth_401" time="0.168" /><testcase classname="backend.tests.test_sijill_iter32_resources_pilot.TestEpisodeAudioAccessUrl" name="test_subscriber_404_no_audio_uploaded" time="0.189" /><testcase classname="backend.tests.test_sijill_iter32_resources_pilot.TestAudioGating" name="test_audios_anon_strips_protected" time="0.136" /><testcase classname="backend.tests.test_sijill_iter32_resources_pilot.TestAudioGating" name="test_audios_subscriber_exposes_all" time="0.214" /><testcase classname="backend.tests.test_sijill_iter32_resources_pilot.TestCourseGating" name="test_course_anon_strips_protected" time="0.128" /><testcase classname="backend.tests.test_sijill_iter32_resources_pilot.TestCourseGating" name="test_course_subscriber_has_resources" time="0.149" /></testsuite></testsuites>