<?xml version="1.0" encoding="utf-8"?><testsuites name="pytest tests"><testsuite name="pytest" errors="0" failures="3" skipped="0" tests="6" time="16.276" timestamp="2026-09-10T13:38:47.471855+00:00" hostname="agent-env-b33d9cd1-0a29-40db-9dee-790da37d8da3"><testcase classname="backend.tests.test_iter35_ibn_khaldun_r2" name="test_course_has_correct_r2_prefix" time="14.539" /><testcase classname="backend.tests.test_iter35_ibn_khaldun_r2" name="test_resources_contains_scripts_and_biblio" time="0.875" /><testcase classname="backend.tests.test_iter35_ibn_khaldun_r2" name="test_biblio_title_is_dynamic" time="0.500"><failure message="AssertionError: Biblio label still uses generic fallback: 'Bibliographie sélective'. Expected dynamic title extracted from DOCX.&#10;assert 'bibliographie sélective' != 'bibliographie sélective'&#10; +  where 'bibliographie sélective' = &lt;built-in method lower of str object at 0xfbb624403e10&gt;()&#10; +    where &lt;built-in method lower of str object at 0xfbb624403e10&gt; = 'Bibliographie sélective'.lower&#10; +      where 'Bibliographie sélective' = &lt;built-in method strip of str object at 0xfbb624403e10&gt;()&#10; +        where &lt;built-in method strip of str object at 0xfbb624403e10&gt; = 'Bibliographie sélective'.strip">backend/tests/test_iter35_ibn_khaldun_r2.py:81: in test_biblio_title_is_dynamic
    assert label.strip().lower() != "bibliographie sélective", \
E   AssertionError: Biblio label still uses generic fallback: 'Bibliographie sélective'. Expected dynamic title extracted from DOCX.
E   assert 'bibliographie sélective' != 'bibliographie sélective'
E    +  where 'bibliographie sélective' = &lt;built-in method lower of str object at 0xfbb624403e10&gt;()
E    +    where &lt;built-in method lower of str object at 0xfbb624403e10&gt; = 'Bibliographie sélective'.lower
E    +      where 'Bibliographie sélective' = &lt;built-in method strip of str object at 0xfbb624403e10&gt;()
E    +        where &lt;built-in method strip of str object at 0xfbb624403e10&gt; = 'Bibliographie sélective'.strip</failure></testcase><testcase classname="backend.tests.test_iter35_ibn_khaldun_r2" name="test_audio_episodes_have_r2_key" time="0.092" /><testcase classname="backend.tests.test_iter35_ibn_khaldun_r2" name="test_audio_stream_url[aud_cours-falsafa-inclassables-ep01]" time="0.096"><failure message="AssertionError: aud_cours-falsafa-inclassables-ep01: empty stream_url (file_key=None, source=fallback). The audio doc has r2_key/r2_audio_key set but NOT file_key, so /stream-url returns empty.&#10;assert ''">backend/tests/test_iter35_ibn_khaldun_r2.py:111: in test_audio_stream_url
    assert stream_url, \
E   AssertionError: aud_cours-falsafa-inclassables-ep01: empty stream_url (file_key=None, source=fallback). The audio doc has r2_key/r2_audio_key set but NOT file_key, so /stream-url returns empty.
E   assert ''</failure></testcase><testcase classname="backend.tests.test_iter35_ibn_khaldun_r2" name="test_audio_stream_url[aud_cours-falsafa-inclassables-ep02]" time="0.093"><failure message="AssertionError: aud_cours-falsafa-inclassables-ep02: empty stream_url (file_key=None, source=fallback). The audio doc has r2_key/r2_audio_key set but NOT file_key, so /stream-url returns empty.&#10;assert ''">backend/tests/test_iter35_ibn_khaldun_r2.py:111: in test_audio_stream_url
    assert stream_url, \
E   AssertionError: aud_cours-falsafa-inclassables-ep02: empty stream_url (file_key=None, source=fallback). The audio doc has r2_key/r2_audio_key set but NOT file_key, so /stream-url returns empty.
E   assert ''</failure></testcase></testsuite></testsuites>