<?xml version="1.0" encoding="utf-8"?><testsuites name="pytest tests"><testsuite name="pytest" errors="0" failures="0" skipped="0" tests="19" time="4.128" timestamp="2026-02-23T23:31:17.890554+00:00" hostname="agent-env-9016c8f9-5bc2-4df8-8c1e-f0601b1666eb"><testcase classname="backend.tests.test_iteration14_features.TestAuth" name="test_user_login_success" time="0.298" /><testcase classname="backend.tests.test_iteration14_features.TestAuth" name="test_admin_login_success" time="0.242" /><testcase classname="backend.tests.test_iteration14_features.TestHomeAPI" name="test_home_api_returns_featured_hero" time="0.344" /><testcase classname="backend.tests.test_iteration14_features.TestHomeAPI" name="test_home_hero_is_cursus" time="0.182" /><testcase classname="backend.tests.test_iteration14_features.TestHomeAPI" name="test_home_hero_has_custom_title" time="0.172" /><testcase classname="backend.tests.test_iteration14_features.TestHomeAPI" name="test_home_hero_has_description" time="0.191" /><testcase classname="backend.tests.test_iteration14_features.TestHomeAPI" name="test_home_hero_has_cursus_letter" time="0.126" /><testcase classname="backend.tests.test_iteration14_features.TestHomeAPI" name="test_home_hero_has_cursus_color" time="0.121" /><testcase classname="backend.tests.test_iteration14_features.TestHomeAPI" name="test_home_has_recent_episodes" time="0.169" /><testcase classname="backend.tests.test_iteration14_features.TestHomeAPI" name="test_home_has_top5" time="0.125" /><testcase classname="backend.tests.test_iteration14_features.TestHomeAPI" name="test_home_has_recommendations" time="0.152" /><testcase classname="backend.tests.test_iteration14_features.TestAdminCursus" name="test_admin_list_cursus" time="0.286" /><testcase classname="backend.tests.test_iteration14_features.TestAdminCursus" name="test_admin_cursus_has_hero_fields" time="0.179" /><testcase classname="backend.tests.test_iteration14_features.TestAdminCursus" name="test_admin_cursus_requires_auth" time="0.114" /><testcase classname="backend.tests.test_iteration14_features.TestAdminCursus" name="test_admin_cursus_update_hero_text" time="0.140" /><testcase classname="backend.tests.test_iteration14_features.TestAdminCursus" name="test_admin_set_featured_cursus" time="0.127" /><testcase classname="backend.tests.test_iteration14_features.TestAdminCursus" name="test_verify_featured_cursus_in_home_after_set" time="0.152" /><testcase classname="backend.tests.test_iteration14_features.TestAdminCoursesFeatured" name="test_admin_courses_list_has_star_field" time="0.150" /><testcase classname="backend.tests.test_iteration14_features.TestAdminCoursesFeatured" name="test_admin_set_featured_cursus_unfeatures_courses" time="0.776" /></testsuite></testsuites>