<?xml version="1.0" encoding="utf-8"?><testsuites name="pytest tests"><testsuite name="pytest" errors="0" failures="0" skipped="0" tests="15" time="8.184" timestamp="2026-05-12T20:14:45.640315+00:00" hostname="agent-env-b33d9cd1-0a29-40db-9dee-790da37d8da3"><testcase classname="backend.tests.test_sijill_iter33_kpis_jsonld_v15b.TestAdminKpis" name="test_kpis_requires_auth" time="6.435" /><testcase classname="backend.tests.test_sijill_iter33_kpis_jsonld_v15b.TestAdminKpis" name="test_kpis_rejects_non_admin_with_bad_token" time="0.161" /><testcase classname="backend.tests.test_sijill_iter33_kpis_jsonld_v15b.TestAdminKpis" name="test_kpis_returns_200_for_admin" time="0.307" /><testcase classname="backend.tests.test_sijill_iter33_kpis_jsonld_v15b.TestAdminKpis" name="test_kpis_payload_has_all_required_keys" time="0.083" /><testcase classname="backend.tests.test_sijill_iter33_kpis_jsonld_v15b.TestAdminKpis" name="test_kpis_numeric_fields_are_numbers" time="0.082" /><testcase classname="backend.tests.test_sijill_iter33_kpis_jsonld_v15b.TestAdminKpis" name="test_kpis_arr_consistent_with_mrr" time="0.076" /><testcase classname="backend.tests.test_sijill_iter33_kpis_jsonld_v15b.TestJsonLdInjection" name="test_historiographie_returns_200_html" time="0.132" /><testcase classname="backend.tests.test_sijill_iter33_kpis_jsonld_v15b.TestJsonLdInjection" name="test_historiographie_has_article_jsonld_with_ibn_khaldun" time="0.140" /><testcase classname="backend.tests.test_sijill_iter33_kpis_jsonld_v15b.TestJsonLdInjection" name="test_historiographie_has_breadcrumblist_jsonld" time="0.131" /><testcase classname="backend.tests.test_sijill_iter33_kpis_jsonld_v15b.TestJsonLdInjection" name="test_historiographie_title_and_canonical_reflect_course" time="0.131" /><testcase classname="backend.tests.test_sijill_iter33_kpis_jsonld_v15b.TestJsonLdInjection" name="test_nonexistent_course_returns_200_default_index" time="0.133" /><testcase classname="backend.tests.test_sijill_iter33_kpis_jsonld_v15b.TestJsonLdInjection" name="test_philo_juive_also_injects_jsonld" time="0.129" /><testcase classname="backend.tests.test_sijill_iter33_kpis_jsonld_v15b.TestMigrationV15bHistoriographie" name="test_modules_endpoint_returns_exactly_one_module" time="0.053" /><testcase classname="backend.tests.test_sijill_iter33_kpis_jsonld_v15b.TestMigrationV15bHistoriographie" name="test_courses_endpoint_modules_count_is_one" time="0.055" /><testcase classname="backend.tests.test_sijill_iter33_kpis_jsonld_v15b.TestMigrationV15bHistoriographie" name="test_audios_endpoint_returns_exactly_one_audio" time="0.052" /></testsuite></testsuites>