<?xml version="1.0" encoding="utf-8"?><testsuites name="pytest tests"><testsuite name="pytest" errors="0" failures="0" skipped="0" tests="9" time="32.088" timestamp="2026-09-10T13:44:01.690249+00:00" hostname="agent-env-b33d9cd1-0a29-40db-9dee-790da37d8da3"><testcase classname="backend.tests.test_iter35_ibn_khaldun_r2" name="test_course_has_correct_r2_prefix" time="24.724" /><testcase classname="backend.tests.test_iter35_ibn_khaldun_r2" name="test_resources_contains_scripts_and_biblio" time="1.544" /><testcase classname="backend.tests.test_iter35_ibn_khaldun_r2" name="test_biblio_title_is_dynamic" time="0.628" /><testcase classname="backend.tests.test_iter35_ibn_khaldun_r2" name="test_audio_episodes_have_r2_key" time="0.095" /><testcase classname="backend.tests.test_iter35_ibn_khaldun_r2" name="test_audio_stream_url[aud_cours-falsafa-inclassables-main-ep01]" time="0.102" /><testcase classname="backend.tests.test_iter35_ibn_khaldun_r2" name="test_audio_stream_url[aud_cours-falsafa-inclassables-main-ep02]" time="0.096" /><testcase classname="backend.tests.test_iter35_ibn_khaldun_r2" name="test_audio_stream_bytes[aud_cours-falsafa-inclassables-main-ep01]" time="0.532" /><testcase classname="backend.tests.test_iter35_ibn_khaldun_r2" name="test_audio_stream_bytes[aud_cours-falsafa-inclassables-main-ep02]" time="0.560" /><testcase classname="backend.tests.test_iter35_ibn_khaldun_r2" name="test_alkindi_biblio_dynamic" time="3.747" /></testsuite></testsuites>