<?xml version="1.0" encoding="utf-8"?><testsuites name="pytest tests"><testsuite name="pytest" errors="0" failures="0" skipped="0" tests="13" time="3.682" timestamp="2026-03-12T13:54:01.358516+00:00" hostname="agent-env-ce6b798f-9733-446c-a945-d967956c1629"><testcase classname="tests.test_manifest_feature.TestManifestUpload" name="test_01_admin_login" time="0.349" /><testcase classname="tests.test_manifest_feature.TestManifestUpload" name="test_02_get_manifest_endpoint" time="0.163" /><testcase classname="tests.test_manifest_feature.TestManifestUpload" name="test_03_upload_manifest_docx" time="0.213" /><testcase classname="tests.test_manifest_feature.TestManifestUpload" name="test_04_verify_manifest_stored" time="0.146" /><testcase classname="tests.test_manifest_feature.TestManifestUpload" name="test_05_upload_invalid_file_type" time="0.147" /><testcase classname="tests.test_manifest_feature.TestManifestUpload" name="test_06_manifest_requires_auth" time="0.238" /><testcase classname="tests.test_manifest_feature.TestCatalogueWithManifest" name="test_01_catalogue_data_loads" time="0.717" /><testcase classname="tests.test_manifest_feature.TestCatalogueWithManifest" name="test_02_admin_audios_endpoint" time="0.128" /><testcase classname="tests.test_manifest_feature.TestCatalogueWithManifest" name="test_03_admin_scholars_endpoint" time="0.116" /><testcase classname="tests.test_manifest_feature.TestEpisodeEditDelete" name="test_01_get_audio_for_edit" time="0.374" /><testcase classname="tests.test_manifest_feature.TestEpisodeEditDelete" name="test_02_update_audio_api" time="0.279" /><testcase classname="tests.test_manifest_feature.TestDashboardRegression" name="test_01_dashboard_page_accessible" time="0.239" /><testcase classname="tests.test_manifest_feature.TestDashboardRegression" name="test_02_dashboard_stats_apis" time="0.485" /></testsuite></testsuites>