<?xml version="1.0" encoding="utf-8"?><testsuites name="pytest tests"><testsuite name="pytest" errors="0" failures="1" skipped="0" tests="11" time="4.771" timestamp="2026-02-27T13:42:05.090106+00:00" hostname="agent-env-2b1c7f9e-832d-4cdf-b5ea-102a9c27058c"><testcase classname="backend.tests.test_password_reset.TestPasswordResetFlow" name="test_forgot_password_existing_user" time="1.835" /><testcase classname="backend.tests.test_password_reset.TestPasswordResetFlow" name="test_forgot_password_nonexistent_user" time="0.162" /><testcase classname="backend.tests.test_password_reset.TestPasswordResetFlow" name="test_forgot_password_invalid_email_format" time="0.133"><failure message="assert 200 == 422&#10; +  where 200 = &lt;Response [200]&gt;.status_code">backend/tests/test_password_reset.py:53: in test_forgot_password_invalid_email_format
    assert response.status_code == 422
E   assert 200 == 422
E    +  where 200 = &lt;Response [200]&gt;.status_code</failure></testcase><testcase classname="backend.tests.test_password_reset.TestPasswordResetFlow" name="test_validate_reset_token_invalid" time="0.118" /><testcase classname="backend.tests.test_password_reset.TestPasswordResetFlow" name="test_validate_reset_token_missing" time="0.140" /><testcase classname="backend.tests.test_password_reset.TestPasswordResetFlow" name="test_reset_password_invalid_token" time="0.106" /><testcase classname="backend.tests.test_password_reset.TestPasswordResetFlow" name="test_reset_password_short_password" time="0.106" /><testcase classname="backend.tests.test_password_reset.TestUserRegistrationWelcomeEmail" name="test_register_new_user_format" time="1.691" /><testcase classname="backend.tests.test_password_reset.TestUserRegistrationWelcomeEmail" name="test_register_existing_user" time="0.109" /><testcase classname="backend.tests.test_password_reset.TestLoginFlow" name="test_login_valid_credentials" time="0.102" /><testcase classname="backend.tests.test_password_reset.TestLoginFlow" name="test_login_invalid_password" time="0.114" /></testsuite></testsuites>