<?xml version="1.0" encoding="utf-8"?><testsuites name="pytest tests"><testsuite name="pytest" errors="0" failures="0" skipped="0" tests="11" time="4.580" timestamp="2026-02-27T13:42:27.129307+00:00" hostname="agent-env-2b1c7f9e-832d-4cdf-b5ea-102a9c27058c"><testcase classname="backend.tests.test_password_reset.TestPasswordResetFlow" name="test_forgot_password_existing_user" time="1.725" /><testcase classname="backend.tests.test_password_reset.TestPasswordResetFlow" name="test_forgot_password_nonexistent_user" time="0.117" /><testcase classname="backend.tests.test_password_reset.TestPasswordResetFlow" name="test_forgot_password_invalid_email_format" time="0.111" /><testcase classname="backend.tests.test_password_reset.TestPasswordResetFlow" name="test_validate_reset_token_invalid" time="0.112" /><testcase classname="backend.tests.test_password_reset.TestPasswordResetFlow" name="test_validate_reset_token_missing" time="0.150" /><testcase classname="backend.tests.test_password_reset.TestPasswordResetFlow" name="test_reset_password_invalid_token" time="0.133" /><testcase classname="backend.tests.test_password_reset.TestPasswordResetFlow" name="test_reset_password_short_password" time="0.118" /><testcase classname="backend.tests.test_password_reset.TestUserRegistrationWelcomeEmail" name="test_register_new_user_format" time="1.702" /><testcase classname="backend.tests.test_password_reset.TestUserRegistrationWelcomeEmail" name="test_register_existing_user" time="0.124" /><testcase classname="backend.tests.test_password_reset.TestLoginFlow" name="test_login_valid_credentials" time="0.112" /><testcase classname="backend.tests.test_password_reset.TestLoginFlow" name="test_login_invalid_password" time="0.112" /></testsuite></testsuites>