<?xml version="1.0" encoding="utf-8"?><testsuites name="pytest tests"><testsuite name="pytest" errors="0" failures="0" skipped="0" tests="20" time="3.452" timestamp="2026-02-23T20:45:10.368483+00:00" hostname="agent-env-0af73ddc-20df-4ffb-8a23-f4c861f1d96c"><testcase classname="backend.tests.test_playlist_iteration9.TestPlaylistEndpoints" name="test_falsafa_grands_playlist_returns_200" time="0.147" /><testcase classname="backend.tests.test_playlist_iteration9.TestPlaylistEndpoints" name="test_falsafa_grands_playlist_has_episodes" time="0.158" /><testcase classname="backend.tests.test_playlist_iteration9.TestPlaylistEndpoints" name="test_falsafa_grands_playlist_episode_count" time="0.199" /><testcase classname="backend.tests.test_playlist_iteration9.TestPlaylistEndpoints" name="test_falsafa_grands_playlist_first_episode_audio_id" time="0.174" /><testcase classname="backend.tests.test_playlist_iteration9.TestPlaylistEndpoints" name="test_falsafa_grands_playlist_has_required_fields" time="0.161" /><testcase classname="backend.tests.test_playlist_iteration9.TestPlaylistEndpoints" name="test_falsafa_grands_playlist_stream_url_is_proxy" time="0.136" /><testcase classname="backend.tests.test_playlist_iteration9.TestPlaylistEndpoints" name="test_falsafa_grands_playlist_ordered" time="0.127" /><testcase classname="backend.tests.test_playlist_iteration9.TestPlaylistEndpoints" name="test_falsafa_grands_playlist_has_module_name" time="0.155" /><testcase classname="backend.tests.test_playlist_iteration9.TestPlaylistEndpoints" name="test_kalam_playlist_returns_200" time="0.251" /><testcase classname="backend.tests.test_playlist_iteration9.TestPlaylistEndpoints" name="test_kalam_playlist_episode_count" time="0.131" /><testcase classname="backend.tests.test_playlist_iteration9.TestPlaylistEndpoints" name="test_kalam_playlist_has_required_fields" time="0.157" /><testcase classname="backend.tests.test_playlist_iteration9.TestPlaylistEndpoints" name="test_kalam_playlist_stream_urls_are_proxy" time="0.155" /><testcase classname="backend.tests.test_playlist_iteration9.TestPlaylistEndpoints" name="test_nonexistent_course_playlist_returns_empty" time="0.172" /><testcase classname="backend.tests.test_playlist_iteration9.TestAudioEndpointForPlaylist" name="test_first_falsafa_audio_returns_200" time="0.155" /><testcase classname="backend.tests.test_playlist_iteration9.TestAudioEndpointForPlaylist" name="test_first_falsafa_audio_has_stream_url" time="0.209" /><testcase classname="backend.tests.test_playlist_iteration9.TestAudioEndpointForPlaylist" name="test_first_falsafa_audio_has_module_id" time="0.177" /><testcase classname="backend.tests.test_playlist_iteration9.TestAudioEndpointForPlaylist" name="test_audio_no_mongodb_id" time="0.154" /><testcase classname="backend.tests.test_playlist_iteration9.TestCourseEndpoints" name="test_falsafa_grands_course_returns_200" time="0.159" /><testcase classname="backend.tests.test_playlist_iteration9.TestCourseEndpoints" name="test_falsafa_grands_course_has_is_active" time="0.287" /><testcase classname="backend.tests.test_playlist_iteration9.TestCourseEndpoints" name="test_falsafa_grands_modules_endpoint" time="0.116" /></testsuite></testsuites>