<?xml version="1.0" encoding="utf-8"?><testsuites name="pytest tests"><testsuite name="pytest" errors="0" failures="1" skipped="0" tests="20" time="3.485" timestamp="2026-02-23T20:44:57.362095+00:00" hostname="agent-env-0af73ddc-20df-4ffb-8a23-f4c861f1d96c"><testcase classname="backend.tests.test_playlist_iteration9.TestPlaylistEndpoints" name="test_falsafa_grands_playlist_returns_200" time="0.226" /><testcase classname="backend.tests.test_playlist_iteration9.TestPlaylistEndpoints" name="test_falsafa_grands_playlist_has_episodes" time="0.118" /><testcase classname="backend.tests.test_playlist_iteration9.TestPlaylistEndpoints" name="test_falsafa_grands_playlist_episode_count" time="0.246" /><testcase classname="backend.tests.test_playlist_iteration9.TestPlaylistEndpoints" name="test_falsafa_grands_playlist_first_episode_audio_id" time="0.136" /><testcase classname="backend.tests.test_playlist_iteration9.TestPlaylistEndpoints" name="test_falsafa_grands_playlist_has_required_fields" time="0.159" /><testcase classname="backend.tests.test_playlist_iteration9.TestPlaylistEndpoints" name="test_falsafa_grands_playlist_stream_url_is_proxy" time="0.159" /><testcase classname="backend.tests.test_playlist_iteration9.TestPlaylistEndpoints" name="test_falsafa_grands_playlist_ordered" time="0.222" /><testcase classname="backend.tests.test_playlist_iteration9.TestPlaylistEndpoints" name="test_falsafa_grands_playlist_has_module_name" time="0.188" /><testcase classname="backend.tests.test_playlist_iteration9.TestPlaylistEndpoints" name="test_kalam_playlist_returns_200" time="0.135" /><testcase classname="backend.tests.test_playlist_iteration9.TestPlaylistEndpoints" name="test_kalam_playlist_episode_count" time="0.109" /><testcase classname="backend.tests.test_playlist_iteration9.TestPlaylistEndpoints" name="test_kalam_playlist_has_required_fields" time="0.168" /><testcase classname="backend.tests.test_playlist_iteration9.TestPlaylistEndpoints" name="test_kalam_playlist_stream_urls_are_proxy" time="0.128" /><testcase classname="backend.tests.test_playlist_iteration9.TestPlaylistEndpoints" name="test_nonexistent_course_playlist_returns_empty" time="0.156" /><testcase classname="backend.tests.test_playlist_iteration9.TestAudioEndpointForPlaylist" name="test_first_falsafa_audio_returns_200" time="0.136" /><testcase classname="backend.tests.test_playlist_iteration9.TestAudioEndpointForPlaylist" name="test_first_falsafa_audio_has_stream_url" time="0.182" /><testcase classname="backend.tests.test_playlist_iteration9.TestAudioEndpointForPlaylist" name="test_first_falsafa_audio_has_module_id" time="0.146"><failure message="AssertionError: Unexpected module_id: cours-falsafa-grands-mod-1&#10;assert 'cours-falsafa-grands-mod-1' == 'mod-cours-falsafa-grands-1'&#10;  &#10;  - mod-cours-falsafa-grands-1&#10;  ? ----&#10;  + cours-falsafa-grands-mod-1&#10;  ?                      ++++">backend/tests/test_playlist_iteration9.py:140: in test_first_falsafa_audio_has_module_id
    assert data['module_id'] == 'mod-cours-falsafa-grands-1', \
E   AssertionError: Unexpected module_id: cours-falsafa-grands-mod-1
E   assert 'cours-falsafa-grands-mod-1' == 'mod-cours-falsafa-grands-1'
E     
E     - mod-cours-falsafa-grands-1
E     ? ----
E     + cours-falsafa-grands-mod-1
E     ?                      ++++</failure></testcase><testcase classname="backend.tests.test_playlist_iteration9.TestAudioEndpointForPlaylist" name="test_audio_no_mongodb_id" time="0.150" /><testcase classname="backend.tests.test_playlist_iteration9.TestCourseEndpoints" name="test_falsafa_grands_course_returns_200" time="0.150" /><testcase classname="backend.tests.test_playlist_iteration9.TestCourseEndpoints" name="test_falsafa_grands_course_has_is_active" time="0.265" /><testcase classname="backend.tests.test_playlist_iteration9.TestCourseEndpoints" name="test_falsafa_grands_modules_endpoint" time="0.149" /></testsuite></testsuites>