<?xml version="1.0" encoding="utf-8"?><testsuites name="pytest tests"><testsuite name="pytest" errors="0" failures="0" skipped="0" tests="14" time="4.426" timestamp="2026-02-20T21:37:14.631282+00:00" hostname="agent-env-9c7788d5-2f8e-4f0e-b70a-4cf68c24cbe0"><testcase classname="backend.tests.test_professeurs_cursus.TestProfesseursAPI" name="test_get_professors_list" time="0.414" /><testcase classname="backend.tests.test_professeurs_cursus.TestProfesseursAPI" name="test_create_professor" time="0.363" /><testcase classname="backend.tests.test_professeurs_cursus.TestProfesseursAPI" name="test_professors_auth_required" time="0.126" /><testcase classname="backend.tests.test_professeurs_cursus.TestCursusAPI" name="test_get_cursus_list" time="0.294" /><testcase classname="backend.tests.test_professeurs_cursus.TestCursusAPI" name="test_get_public_thematiques" time="0.119" /><testcase classname="backend.tests.test_professeurs_cursus.TestCursusAPI" name="test_create_cursus" time="0.337" /><testcase classname="backend.tests.test_professeurs_cursus.TestCourseWithCursus" name="test_create_course_with_thematique_id" time="0.783" /><testcase classname="backend.tests.test_professeurs_cursus.TestCourseWithCursus" name="test_update_course_thematique_id" time="0.718" /><testcase classname="backend.tests.test_professeurs_cursus.TestCourseWithCursus" name="test_course_without_thematique_id" time="0.282" /><testcase classname="backend.tests.test_professeurs_cursus.TestAdminPanelPages" name="test_professors_page_accessible" time="0.155" /><testcase classname="backend.tests.test_professeurs_cursus.TestAdminPanelPages" name="test_courses_page_accessible" time="0.195" /><testcase classname="backend.tests.test_professeurs_cursus.TestAdminPanelPages" name="test_dashboard_page_accessible" time="0.132" /><testcase classname="backend.tests.test_professeurs_cursus.TestAdminPanelPages" name="test_thematiques_page_accessible" time="0.165" /><testcase classname="backend.tests.test_professeurs_cursus.TestCourseListWithCursus" name="test_courses_list_includes_thematique_id" time="0.262" /></testsuite></testsuites>