<?xml version="1.0" encoding="utf-8"?><testsuites name="pytest tests"><testsuite name="pytest" errors="0" failures="0" skipped="0" tests="18" time="7.767" timestamp="2026-02-23T16:08:03.151665+00:00" hostname="agent-env-0af73ddc-20df-4ffb-8a23-f4c861f1d96c"><testcase classname="backend.tests.test_proxy_stream_iteration8.TestAudioStreamUrlProxy" name="test_audio_stream_url_is_proxy" time="0.304" /><testcase classname="backend.tests.test_proxy_stream_iteration8.TestAudioStreamUrlProxy" name="test_audio_stream_url_uses_public_url" time="0.116" /><testcase classname="backend.tests.test_proxy_stream_iteration8.TestAudioStreamUrlEndpoint" name="test_stream_url_source_is_proxy" time="0.125" /><testcase classname="backend.tests.test_proxy_stream_iteration8.TestAudioStreamUrlEndpoint" name="test_stream_url_endpoint_returns_proxy_path" time="0.138" /><testcase classname="backend.tests.test_proxy_stream_iteration8.TestAudioStreamUrlEndpoint" name="test_stream_url_audio_id_matches" time="0.128" /><testcase classname="backend.tests.test_proxy_stream_iteration8.TestAudioStreamProxy" name="test_stream_returns_200" time="0.735" /><testcase classname="backend.tests.test_proxy_stream_iteration8.TestAudioStreamProxy" name="test_stream_content_type_is_audio" time="0.594" /><testcase classname="backend.tests.test_proxy_stream_iteration8.TestAudioStreamProxy" name="test_stream_content_length_positive" time="0.720" /><testcase classname="backend.tests.test_proxy_stream_iteration8.TestAudioStreamProxy" name="test_stream_body_non_empty" time="0.512" /><testcase classname="backend.tests.test_proxy_stream_iteration8.TestAudioStreamRangeRequest" name="test_range_request_returns_206" time="0.389" /><testcase classname="backend.tests.test_proxy_stream_iteration8.TestAudioStreamRangeRequest" name="test_range_request_returns_4096_bytes" time="0.282" /><testcase classname="backend.tests.test_proxy_stream_iteration8.TestAudioStreamRangeRequest" name="test_range_request_has_content_range_header" time="0.330" /><testcase classname="backend.tests.test_proxy_stream_iteration8.TestAudioStreamRangeRequest" name="test_range_request_accept_ranges_header" time="0.664" /><testcase classname="backend.tests.test_proxy_stream_iteration8.TestMasterclassesNoHenryCorbin" name="test_masterclasses_henry_corbin_absent" time="0.332" /><testcase classname="backend.tests.test_proxy_stream_iteration8.TestKalamAudioStream" name="test_kalam_audio_exists" time="0.419" /><testcase classname="backend.tests.test_proxy_stream_iteration8.TestKalamAudioStream" name="test_kalam_audio_has_stream_url" time="0.195" /><testcase classname="backend.tests.test_proxy_stream_iteration8.TestKalamAudioStream" name="test_kalam_audio_stream_accessible" time="1.052" /><testcase classname="backend.tests.test_proxy_stream_iteration8.TestAudioStreamHeadRequest" name="test_head_request_on_stream" time="0.655" /></testsuite></testsuites>