<?xml version="1.0" encoding="utf-8"?><testsuites name="pytest tests"><testsuite name="pytest" errors="0" failures="0" skipped="0" tests="15" time="2.878" timestamp="2026-02-20T13:58:07.997094+00:00" hostname="agent-env-967b6c7f-59ce-4829-81f8-1679e597f9a9"><testcase classname="backend.tests.test_hikma_api.TestAuth" name="test_register_new_user" time="0.341" /><testcase classname="backend.tests.test_hikma_api.TestAuth" name="test_login_success" time="0.233" /><testcase classname="backend.tests.test_hikma_api.TestAuth" name="test_login_wrong_password" time="0.125" /><testcase classname="backend.tests.test_hikma_api.TestAuth" name="test_me_authenticated" time="0.247" /><testcase classname="backend.tests.test_hikma_api.TestHome" name="test_home_returns_correct_structure" time="0.200" /><testcase classname="backend.tests.test_hikma_api.TestHome" name="test_home_recommendations_non_empty" time="0.172" /><testcase classname="backend.tests.test_hikma_api.TestCourses" name="test_get_courses_returns_8" time="0.136" /><testcase classname="backend.tests.test_hikma_api.TestCourses" name="test_get_single_course" time="0.120" /><testcase classname="backend.tests.test_hikma_api.TestCourses" name="test_course_not_found" time="0.145" /><testcase classname="backend.tests.test_hikma_api.TestScholars" name="test_get_scholars_returns_5" time="0.121" /><testcase classname="backend.tests.test_hikma_api.TestScholars" name="test_get_single_scholar" time="0.190" /><testcase classname="backend.tests.test_hikma_api.TestAudios" name="test_get_audios" time="0.128" /><testcase classname="backend.tests.test_hikma_api.TestAudios" name="test_audio_stream_url_aud001" time="0.156" /><testcase classname="backend.tests.test_hikma_api.TestLiveSessions" name="test_get_live_sessions_returns_5" time="0.107" /><testcase classname="backend.tests.test_hikma_api.TestR2" name="test_list_r2_files" time="0.376" /></testsuite></testsuites>