<?xml version="1.0" encoding="utf-8"?><testsuites name="pytest tests"><testsuite name="pytest" errors="0" failures="0" skipped="0" tests="18" time="2.310" timestamp="2026-03-13T12:10:46.346811+00:00" hostname="agent-env-6206feea-8462-43ae-b6c8-ba4bdd4be8a2"><testcase classname="backend.tests.test_seo_legal_pages.TestRobotsTxt" name="test_robots_txt_accessible" time="0.171" /><testcase classname="backend.tests.test_seo_legal_pages.TestRobotsTxt" name="test_robots_txt_content" time="0.119" /><testcase classname="backend.tests.test_seo_legal_pages.TestSitemapXml" name="test_sitemap_xml_accessible" time="0.147" /><testcase classname="backend.tests.test_seo_legal_pages.TestSitemapXml" name="test_sitemap_contains_static_pages" time="0.127" /><testcase classname="backend.tests.test_seo_legal_pages.TestSitemapXml" name="test_sitemap_contains_blog_articles" time="0.109" /><testcase classname="backend.tests.test_seo_legal_pages.TestOGMetaInjection" name="test_og_meta_tags_in_blog_article" time="0.134" /><testcase classname="backend.tests.test_seo_legal_pages.TestOGMetaInjection" name="test_og_meta_contains_article_data" time="0.103" /><testcase classname="backend.tests.test_seo_legal_pages.TestOGMetaInjection" name="test_twitter_card_meta_tags" time="0.114" /><testcase classname="backend.tests.test_seo_legal_pages.TestLegalPages" name="test_mentions_legales_accessible" time="0.112" /><testcase classname="backend.tests.test_seo_legal_pages.TestLegalPages" name="test_mentions_legales_content" time="0.112" /><testcase classname="backend.tests.test_seo_legal_pages.TestLegalPages" name="test_politique_confidentialite_accessible" time="0.109" /><testcase classname="backend.tests.test_seo_legal_pages.TestLegalPages" name="test_cgu_accessible" time="0.121" /><testcase classname="backend.tests.test_seo_legal_pages.TestMainPages" name="test_home_page_accessible" time="0.106" /><testcase classname="backend.tests.test_seo_legal_pages.TestMainPages" name="test_cursus_page_accessible" time="0.150" /><testcase classname="backend.tests.test_seo_legal_pages.TestMainPages" name="test_blog_list_accessible" time="0.104" /><testcase classname="backend.tests.test_seo_legal_pages.TestMainPages" name="test_blog_article_accessible" time="0.174" /><testcase classname="backend.tests.test_seo_legal_pages.TestBlogAPI" name="test_blog_api_list" time="0.127" /><testcase classname="backend.tests.test_seo_legal_pages.TestBlogAPI" name="test_blog_api_article" time="0.103" /></testsuite></testsuites>