<?xml version="1.0" encoding="utf-8"?><testsuites name="pytest tests"><testsuite name="pytest" errors="0" failures="0" skipped="0" tests="19" time="1.720" timestamp="2026-02-23T15:41:49.285928+00:00" hostname="agent-env-0af73ddc-20df-4ffb-8a23-f4c861f1d96c"><testcase classname="backend.tests.test_sijill_iteration2.TestAudioModuleFilter" name="test_audio_filter_module_id_returns_audio" time="0.306" /><testcase classname="backend.tests.test_sijill_iteration2.TestAudioModuleFilter" name="test_audio_filter_module_id_has_file_key" time="0.071" /><testcase classname="backend.tests.test_sijill_iteration2.TestAudioModuleFilter" name="test_audio_filter_returns_stream_url" time="0.148" /><testcase classname="backend.tests.test_sijill_iteration2.TestAudioModuleFilter" name="test_audio_filter_correct_module_id" time="0.084" /><testcase classname="backend.tests.test_sijill_iteration2.TestModulesByCourse" name="test_modules_by_course_returns_list" time="0.058" /><testcase classname="backend.tests.test_sijill_iteration2.TestModulesByCourse" name="test_modules_are_real_not_placeholders" time="0.053" /><testcase classname="backend.tests.test_sijill_iteration2.TestModulesByCourse" name="test_modules_have_required_fields" time="0.070" /><testcase classname="backend.tests.test_sijill_iteration2.TestAudioStreamUrl" name="test_stream_url_returns_200" time="0.058" /><testcase classname="backend.tests.test_sijill_iteration2.TestAudioStreamUrl" name="test_stream_url_has_correct_fields" time="0.069" /><testcase classname="backend.tests.test_sijill_iteration2.TestAudioStreamUrl" name="test_stream_url_is_r2_source" time="0.062" /><testcase classname="backend.tests.test_sijill_iteration2.TestAudioStreamUrl" name="test_stream_url_404_for_unknown_audio" time="0.061" /><testcase classname="backend.tests.test_sijill_iteration2.TestCursus" name="test_cursus_returns_5" time="0.069" /><testcase classname="backend.tests.test_sijill_iteration2.TestCursus" name="test_cursus_no_henry_corbin" time="0.060" /><testcase classname="backend.tests.test_sijill_iteration2.TestCursus" name="test_cursus_names_are_correct" time="0.063" /><testcase classname="backend.tests.test_sijill_iteration2.TestAudiosNoCorbin" name="test_no_corbin_audios" time="0.103" /><testcase classname="backend.tests.test_sijill_iteration2.TestAudiosNoCorbin" name="test_audios_have_module_ids" time="0.083" /><testcase classname="backend.tests.test_sijill_iteration2.TestAudiosNoCorbin" name="test_total_audios_is_70" time="0.092" /><testcase classname="backend.tests.test_sijill_iteration2.TestAuth" name="test_login_testuser" time="0.064" /><testcase classname="backend.tests.test_sijill_iteration2.TestAuth" name="test_login_admin" time="0.058" /></testsuite></testsuites>