<?xml version="1.0" encoding="utf-8"?><testsuites name="pytest tests"><testsuite name="pytest" errors="0" failures="0" skipped="0" tests="7" time="1.353" timestamp="2026-03-16T21:30:58.012283+00:00" hostname="agent-env-6fb66114-073a-4073-a449-b748bccc405b"><testcase classname="tests.test_sijill_updates.TestCursusAPI" name="test_get_cursus_returns_six_items" time="0.222" /><testcase classname="tests.test_sijill_updates.TestCursusAPI" name="test_cursus_contains_pensees_non_islamiques" time="0.200" /><testcase classname="tests.test_sijill_updates.TestCursusAPI" name="test_cursus_order_is_correct" time="0.190" /><testcase classname="tests.test_sijill_updates.TestFavicon" name="test_favicon_svg_exists" time="0.181" /><testcase classname="tests.test_sijill_updates.TestHomepage" name="test_homepage_html_loads" time="0.179" /><testcase classname="tests.test_sijill_updates.TestHomepage" name="test_thematiques_endpoint" time="0.169" /><testcase classname="tests.test_sijill_updates.TestCursusConstants" name="test_cursus_have_valid_ids" time="0.151" /></testsuite></testsuites>