<?xml version="1.0" encoding="utf-8"?><testsuites name="pytest tests"><testsuite name="pytest" errors="0" failures="0" skipped="0" tests="20" time="8.296" timestamp="2026-02-20T22:10:40.235197+00:00" hostname="agent-env-9c7788d5-2f8e-4f0e-b70a-4cf68c24cbe0"><testcase classname="backend.tests.test_stripe_integration.TestPublicPlansEndpoint" name="test_get_plans_returns_list" time="0.250" /><testcase classname="backend.tests.test_stripe_integration.TestPublicPlansEndpoint" name="test_get_plans_no_auth_required" time="0.174" /><testcase classname="backend.tests.test_stripe_integration.TestAdminPlansEndpoints" name="test_admin_get_plans_requires_auth" time="0.377" /><testcase classname="backend.tests.test_stripe_integration.TestAdminPlansEndpoints" name="test_admin_get_plans_with_auth" time="0.308" /><testcase classname="backend.tests.test_stripe_integration.TestAdminPlansEndpoints" name="test_admin_create_plan" time="0.415" /><testcase classname="backend.tests.test_stripe_integration.TestAdminPlansEndpoints" name="test_admin_create_duplicate_plan_fails" time="0.634" /><testcase classname="backend.tests.test_stripe_integration.TestAdminPlansEndpoints" name="test_admin_update_plan" time="0.572" /><testcase classname="backend.tests.test_stripe_integration.TestAdminPlansEndpoints" name="test_admin_delete_plan" time="0.522" /><testcase classname="backend.tests.test_stripe_integration.TestAdminPlansEndpoints" name="test_admin_delete_nonexistent_plan" time="0.261" /><testcase classname="backend.tests.test_stripe_integration.TestCheckoutEndpoints" name="test_checkout_create_requires_auth" time="0.232" /><testcase classname="backend.tests.test_stripe_integration.TestCheckoutEndpoints" name="test_checkout_create_requires_plan_or_course" time="0.235" /><testcase classname="backend.tests.test_stripe_integration.TestCheckoutEndpoints" name="test_checkout_create_invalid_plan" time="0.245" /><testcase classname="backend.tests.test_stripe_integration.TestCheckoutEndpoints" name="test_checkout_create_monthly_plan" time="0.784" /><testcase classname="backend.tests.test_stripe_integration.TestCheckoutEndpoints" name="test_checkout_create_annual_plan" time="0.650" /><testcase classname="backend.tests.test_stripe_integration.TestCheckoutEndpoints" name="test_checkout_status" time="0.983" /><testcase classname="backend.tests.test_stripe_integration.TestCheckoutEndpoints" name="test_checkout_status_invalid_session" time="0.280" /><testcase classname="backend.tests.test_stripe_integration.TestUserAccessEndpoint" name="test_user_access_requires_auth" time="0.376" /><testcase classname="backend.tests.test_stripe_integration.TestUserAccessEndpoint" name="test_admin_has_access" time="0.318" /><testcase classname="backend.tests.test_stripe_integration.TestAdminTransactionsEndpoint" name="test_transactions_requires_auth" time="0.292" /><testcase classname="backend.tests.test_stripe_integration.TestAdminTransactionsEndpoint" name="test_admin_get_transactions" time="0.309" /></testsuite></testsuites>