<?xml version="1.0" encoding="utf-8"?><testsuites name="pytest tests"><testsuite name="pytest" errors="0" failures="0" skipped="0" tests="21" time="7.308" timestamp="2026-02-21T11:27:12.028739+00:00" hostname="agent-env-8db36e7c-8159-4486-b21a-e57297e9396b"><testcase classname="backend.tests.test_subscription_promo.TestSubscriptionManagement" name="test_admin_users_list" time="0.351" /><testcase classname="backend.tests.test_subscription_promo.TestSubscriptionManagement" name="test_grant_access_endpoint_exists" time="0.633" /><testcase classname="backend.tests.test_subscription_promo.TestSubscriptionManagement" name="test_revoke_access_endpoint" time="0.706" /><testcase classname="backend.tests.test_subscription_promo.TestSubscriptionManagement" name="test_extend_subscription_endpoint" time="0.458" /><testcase classname="backend.tests.test_subscription_promo.TestSubscriptionManagement" name="test_extend_subscription_with_existing" time="0.565" /><testcase classname="backend.tests.test_subscription_promo.TestSubscriptionManagement" name="test_grant_subscription_monthly" time="0.483" /><testcase classname="backend.tests.test_subscription_promo.TestSubscriptionManagement" name="test_grant_subscription_annual" time="0.432" /><testcase classname="backend.tests.test_subscription_promo.TestSubscriptionManagement" name="test_grant_access_nonexistent_user" time="0.216" /><testcase classname="backend.tests.test_subscription_promo.TestSubscriptionManagement" name="test_extend_subscription_nonexistent_user" time="0.215" /><testcase classname="backend.tests.test_subscription_promo.TestPromoCodeValidityPeriod" name="test_create_promo_with_start_date" time="0.412" /><testcase classname="backend.tests.test_subscription_promo.TestPromoCodeValidityPeriod" name="test_create_promo_with_expires_at" time="0.322" /><testcase classname="backend.tests.test_subscription_promo.TestPromoCodeValidityPeriod" name="test_create_promo_with_validity_period" time="0.320" /><testcase classname="backend.tests.test_subscription_promo.TestPromoCodeValidityPeriod" name="test_validate_promo_not_yet_valid" time="0.440" /><testcase classname="backend.tests.test_subscription_promo.TestPromoCodeValidityPeriod" name="test_validate_expired_promo" time="0.391" /><testcase classname="backend.tests.test_subscription_promo.TestPromoCodeValidityPeriod" name="test_validate_active_promo" time="0.410" /><testcase classname="backend.tests.test_subscription_promo.TestPromoCodeValidityPeriod" name="test_ramadan2026_promo_not_yet_valid" time="0.215" /><testcase classname="backend.tests.test_subscription_promo.TestPromoCodeValidityPeriod" name="test_admin_promo_codes_shows_validity_fields" time="0.205" /><testcase classname="backend.tests.test_subscription_promo.TestSubscriptionEndpointsAuth" name="test_grant_access_requires_admin" time="0.102" /><testcase classname="backend.tests.test_subscription_promo.TestSubscriptionEndpointsAuth" name="test_revoke_access_requires_admin" time="0.112" /><testcase classname="backend.tests.test_subscription_promo.TestSubscriptionEndpointsAuth" name="test_extend_subscription_requires_admin" time="0.114" /><testcase classname="backend.tests.test_subscription_promo.TestSubscriptionEndpointsAuth" name="test_grant_subscription_requires_admin" time="0.109" /></testsuite></testsuites>