<?xml version="1.0" encoding="utf-8"?><testsuites name="pytest tests"><testsuite name="pytest" errors="0" failures="0" skipped="0" tests="8" time="1.279" timestamp="2026-03-11T19:12:11.059611+00:00" hostname="agent-env-3884d447-a225-4aa0-901e-1bcf539e7b70"><testcase classname="backend.tests.test_transcript_reading_mode.TestAuthForTranscript" name="test_login_success" time="0.205" /><testcase classname="backend.tests.test_transcript_reading_mode.TestAudioListEndpoint" name="test_get_audios_returns_has_transcript_field" time="0.128" /><testcase classname="backend.tests.test_transcript_reading_mode.TestTranscriptEndpoint" name="test_get_transcript_for_audio_with_transcript" time="0.117" /><testcase classname="backend.tests.test_transcript_reading_mode.TestTranscriptEndpoint" name="test_get_transcript_for_audio_without_transcript" time="0.147" /><testcase classname="backend.tests.test_transcript_reading_mode.TestTranscriptEndpoint" name="test_get_transcript_for_nonexistent_audio" time="0.178" /><testcase classname="backend.tests.test_transcript_reading_mode.TestAudioDetailEndpoint" name="test_get_audio_detail_includes_has_transcript" time="0.184" /><testcase classname="backend.tests.test_transcript_reading_mode.TestAlternativeTranscriptEndpoint" name="test_get_transcript_via_alternative_endpoint" time="0.146" /><testcase classname="backend.tests.test_transcript_reading_mode.TestAlternativeTranscriptEndpoint" name="test_get_transcript_via_alternative_endpoint_404_for_missing" time="0.110" /></testsuite></testsuites>