<?xml version="1.0" encoding="utf-8"?><testsuites name="pytest tests"><testsuite name="pytest" errors="0" failures="0" skipped="0" tests="8" time="2.536" timestamp="2026-02-24T19:49:27.207323+00:00" hostname="agent-env-bb84dae0-e2b7-4ec6-8502-053fd43c39d1"><testcase classname="backend.tests.test_user_library_stats.TestUserStatsEndpoint" name="test_stats_requires_auth" time="0.364" /><testcase classname="backend.tests.test_user_library_stats.TestUserStatsEndpoint" name="test_stats_returns_correct_structure" time="0.460" /><testcase classname="backend.tests.test_user_library_stats.TestUserLibraryEndpoint" name="test_library_requires_auth" time="0.204" /><testcase classname="backend.tests.test_user_library_stats.TestUserLibraryEndpoint" name="test_library_returns_correct_structure" time="0.325" /><testcase classname="backend.tests.test_user_library_stats.TestUserLibraryEndpoint" name="test_library_in_progress_item_structure" time="0.365" /><testcase classname="backend.tests.test_user_library_stats.TestUserLibraryEndpoint" name="test_library_favorites_item_structure" time="0.371" /><testcase classname="backend.tests.test_user_library_stats.TestUserLibraryEndpoint" name="test_library_completed_item_structure" time="0.265" /><testcase classname="backend.tests.test_user_library_stats.TestUserAuthentication" name="test_login_with_test_credentials" time="0.117" /></testsuite></testsuites>