<?xml version="1.0" encoding="utf-8"?><testsuites name="pytest tests"><testsuite name="pytest" errors="0" failures="0" skipped="0" tests="14" time="1.550" timestamp="2026-04-27T13:46:07.027887+00:00" hostname="agent-env-b33d9cd1-0a29-40db-9dee-790da37d8da3"><testcase classname="backend.tests.test_phased_launch_v4.TestCursus" name="test_cursus_returns_7_with_order_and_letter" time="0.161" /><testcase classname="backend.tests.test_phased_launch_v4.TestCoursesHistoire" name="test_histoire_has_4_launch_courses" time="0.056" /><testcase classname="backend.tests.test_phased_launch_v4.TestCoursesHistoire" name="test_mamelouke_coming_soon_mai_2026" time="0.053" /><testcase classname="backend.tests.test_phased_launch_v4.TestCoursesHistoire" name="test_ottoman_coming_soon_sept_2026" time="0.254" /><testcase classname="backend.tests.test_phased_launch_v4.TestCoursesHistoire" name="test_andalus_youtube_url" time="0.060" /><testcase classname="backend.tests.test_phased_launch_v4.TestCoursesHistoire" name="test_historiographie_youtube_url" time="0.052" /><testcase classname="backend.tests.test_phased_launch_v4.TestCoursesShape" name="test_courses_expose_new_fields" time="0.059" /><testcase classname="backend.tests.test_phased_launch_v4.TestCoursesShape" name="test_launch_catalog_count" time="0.052" /><testcase classname="backend.tests.test_phased_launch_v4.TestAudios" name="test_traduction_audios_has_youtube_url" time="0.058" /><testcase classname="backend.tests.test_phased_launch_v4.TestAdminUpdate" name="test_admin_put_course_persists_new_fields" time="0.275" /><testcase classname="backend.tests.test_phased_launch_v4.TestAdminUpdate" name="test_admin_put_audio_persists_youtube_url" time="0.203" /><testcase classname="backend.tests.test_phased_launch_v4.TestExistingFlows" name="test_preregistration_post" time="0.056" /><testcase classname="backend.tests.test_phased_launch_v4.TestExistingFlows" name="test_blog_posts_list" time="0.066" /><testcase classname="backend.tests.test_phased_launch_v4.TestExistingFlows" name="test_home_site_loads" time="0.078" /></testsuite></testsuites>